SF:C:\Projects\Schuel\M450\othello-game_M450\othello_files\board.js
FN:26,Board
FN:41,of
FN:61,validMoves
FN:90,dedup
FN:91,identify
FN:99,play
FN:150,result
FN:175,copy
FN:187,adjacentOf
FN:213,fieldsWithState
FN:225,opponent
FNDA:23,Board
FNDA:11,of
FNDA:5,validMoves
FNDA:4,dedup
FNDA:12,identify
FNDA:6,play
FNDA:12,result
FNDA:2,copy
FNDA:4,adjacentOf
FNDA:42,fieldsWithState
FNDA:8,opponent
FNF:11
FNH:11
BRDA:28,1,0,184
BRDA:30,1,1,1472
BRDA:43,3,0,1
BRDA:45,3,1,10
BRDA:46,3,2,66
BRDA:48,3,3,1
BRDA:50,3,4,65
BRDA:51,3,5,513
BRDA:52,3,6,331
BRDA:52,3,7,101
BRDA:52,3,8,1
BRDA:55,3,9,64
BRDA:56,3,10,8
BRDA:62,4,0,2
BRDA:62,4,1,1
BRDA:64,4,2,4
BRDA:73,5,0,66
BRDA:74,5,1,66
BRDA:75,5,2,66
BRDA:78,5,3,66
BRDA:80,5,4,18
BRDA:82,5,5,48
BRDA:83,5,6,12
BRDA:100,9,0,1
BRDA:100,9,1,1
BRDA:102,9,2,5
BRDA:103,9,3,4
BRDA:103,9,4,1
BRDA:105,9,5,4
BRDA:106,9,6,3
BRDA:106,9,7,3
BRDA:106,9,8,3
BRDA:106,9,9,2
BRDA:113,9,10,1
BRDA:111,10,0,1
BRDA:125,11,0,9
BRDA:126,11,1,9
BRDA:127,11,2,9
BRDA:130,11,3,9
BRDA:132,11,4,1
BRDA:135,11,5,8
BRDA:135,11,6,2
BRDA:137,11,7,1
BRDA:141,11,8,6
BRDA:157,12,0,3
BRDA:158,12,1,1
BRDA:160,12,2,2
BRDA:160,12,3,1
BRDA:177,13,0,16
BRDA:179,13,1,128
BRDA:191,15,0,1440
BRDA:194,15,1,1368
BRDA:195,15,2,1296
BRDA:196,15,3,1230
BRDA:198,15,4,276
BRDA:200,15,5,1164
BRDA:201,15,6,30
BRDA:215,16,0,336
BRDA:216,16,1,2688
BRDA:217,16,2,1010
BRDA:226,17,0,5
BRDA:228,17,1,3
BRDA:228,17,2,2
BRDA:230,17,3,1
BRF:64
BRH:64
DA:1,2
DA:2,1
DA:3,2
DA:4,2
DA:5,2
DA:6,1
DA:7,2
DA:8,2
DA:9,2
DA:10,2
DA:11,2
DA:12,2
DA:13,1
DA:14,2
DA:15,2
DA:16,2
DA:17,2
DA:18,2
DA:19,2
DA:20,2
DA:21,2
DA:22,2
DA:23,2
DA:24,1
DA:25,2
DA:26,2
DA:27,25
DA:28,25
DA:29,209
DA:30,209
DA:31,1681
DA:32,1681
DA:33,209
DA:34,209
DA:35,25
DA:36,117
DA:37,25
DA:38,25
DA:39,25
DA:40,1
DA:41,2
DA:42,13
DA:43,13
DA:44,14
DA:45,14
DA:46,13
DA:47,79
DA:48,79
DA:49,80
DA:50,80
DA:51,79
DA:52,592
DA:53,593
DA:54,593
DA:55,592
DA:56,143
DA:57,21
DA:58,21
DA:59,13
DA:60,1
DA:61,2
DA:62,7
DA:63,8
DA:64,8
DA:65,11
DA:66,11
DA:67,11
DA:68,11
DA:69,11
DA:70,41
DA:71,41
DA:72,41
DA:73,41
DA:74,41
DA:75,41
DA:76,41
DA:77,41
DA:78,41
DA:79,107
DA:80,107
DA:81,125
DA:82,125
DA:83,107
DA:84,119
DA:85,119
DA:86,119
DA:87,107
DA:88,11
DA:89,11
DA:90,11
DA:91,15
DA:92,15
DA:93,15
DA:94,15
DA:95,11
DA:96,11
DA:97,7
DA:98,1
DA:99,2
DA:100,8
DA:101,9
DA:102,9
DA:103,8
DA:104,9
DA:105,9
DA:106,8
DA:107,10
DA:108,10
DA:109,10
DA:110,10
DA:111,10
DA:112,10
DA:113,8
DA:114,9
DA:115,9
DA:116,9
DA:117,9
DA:118,9
DA:119,9
DA:120,9
DA:121,9
DA:122,17
DA:123,17
DA:124,17
DA:125,17
DA:126,17
DA:127,17
DA:128,17
DA:129,17
DA:130,17
DA:131,26
DA:132,26
DA:133,27
DA:134,27
DA:135,26
DA:136,36
DA:137,36
DA:138,37
DA:139,37
DA:140,36
DA:141,34
DA:142,40
DA:143,40
DA:144,40
DA:145,26
DA:146,9
DA:147,9
DA:148,8
DA:149,1
DA:150,2
DA:151,14
DA:152,14
DA:153,14
DA:154,14
DA:155,14
DA:156,14
DA:157,14
DA:158,17
DA:159,18
DA:160,17
DA:161,20
DA:162,20
DA:163,20
DA:164,20
DA:165,17
DA:166,14
DA:167,14
DA:168,14
DA:169,14
DA:170,14
DA:171,14
DA:172,14
DA:173,14
DA:174,1
DA:175,2
DA:176,4
DA:177,4
DA:178,20
DA:179,20
DA:180,148
DA:181,148
DA:182,20
DA:183,20
DA:184,4
DA:185,4
DA:186,1
DA:187,2
DA:188,6
DA:189,6
DA:190,186
DA:191,186
DA:192,1626
DA:193,1626
DA:194,1626
DA:195,1626
DA:196,1626
DA:197,2856
DA:198,1626
DA:199,1902
DA:200,1902
DA:201,1626
DA:202,1656
DA:203,1656
DA:204,1656
DA:205,1656
DA:206,1656
DA:207,1656
DA:208,1626
DA:209,6
DA:210,6
DA:211,6
DA:212,1
DA:213,2
DA:214,44
DA:215,44
DA:216,380
DA:217,3068
DA:218,4078
DA:219,4078
DA:220,3068
DA:221,380
DA:222,44
DA:223,44
DA:224,1
DA:225,2
DA:226,10
DA:227,15
DA:228,10
DA:229,15
DA:230,15
DA:231,11
DA:232,10
DA:233,2
DA:234,1
LH:234
LF:234
end_of_record
SF:C:\Projects\Schuel\M450\othello-game_M450\othello_files\fibonacci.js
FN:1,fibonacci
FNDA:2,fibonacci
FNF:1
FNH:1
BRDA:4,1,0,1
BRDA:7,1,1,0
BRF:2
BRH:1
DA:1,1
DA:2,3
DA:3,3
DA:4,3
DA:5,3
DA:6,3
DA:7,0
DA:8,0
DA:9,3
DA:10,3
DA:11,3
LH:9
LF:11
end_of_record
SF:C:\Projects\Schuel\M450\othello-game_M450\othello_files\game.js
FN:8,deleteChildren
FN:14,fieldId
FN:18,randomElement
FN:27,opponentMove
FN:31,randomMove
FN:40,render
FN:84,selectField
FNDA:2,deleteChildren
FNDA:65,fieldId
FNDA:5,randomElement
FNDA:1,opponentMove
FNDA:3,randomMove
FNDA:1,render
FNDA:0,selectField
FNF:7
FNH:6
BRDA:19,3,0,1
BRDA:21,3,1,4
BRDA:33,5,0,1
BRDA:35,5,1,2
BRDA:43,6,0,8
BRDA:44,6,1,64
BRDA:49,6,2,8
BRDA:53,6,3,60
BRDA:56,6,4,4
BRDA:56,6,5,2
BRDA:69,6,6,0
BRF:11
BRH:10
DA:1,1
DA:2,1
DA:3,1
DA:4,1
DA:5,1
DA:6,1
DA:7,1
DA:8,3
DA:9,3
DA:10,3
DA:11,3
DA:12,3
DA:13,1
DA:14,66
DA:15,66
DA:16,66
DA:17,1
DA:18,6
DA:19,6
DA:20,7
DA:21,7
DA:22,10
DA:23,10
DA:24,6
DA:25,1
DA:26,1
DA:27,2
DA:28,2
DA:29,2
DA:30,1
DA:31,4
DA:32,4
DA:33,4
DA:34,5
DA:35,5
DA:36,6
DA:37,6
DA:38,4
DA:39,1
DA:40,2
DA:41,2
DA:42,2
DA:43,2
DA:44,10
DA:45,74
DA:46,74
DA:47,74
DA:48,74
DA:49,74
DA:50,82
DA:51,82
DA:52,74
DA:53,74
DA:54,134
DA:55,134
DA:56,74
DA:57,80
DA:58,80
DA:59,80
DA:60,80
DA:61,74
DA:62,74
DA:63,10
DA:64,10
DA:65,10
DA:66,10
DA:67,10
DA:68,10
DA:69,0
DA:70,0
DA:71,0
DA:72,0
DA:73,0
DA:74,0
DA:75,0
DA:76,0
DA:77,0
DA:78,0
DA:79,0
DA:80,10
DA:81,10
DA:82,10
DA:83,1
DA:84,0
DA:85,0
DA:86,0
DA:87,0
DA:88,0
DA:89,0
DA:90,0
DA:91,0
DA:92,0
DA:93,0
DA:94,0
DA:95,0
DA:96,0
DA:97,0
DA:98,0
DA:99,0
DA:100,0
DA:101,0
DA:102,0
DA:103,0
DA:104,0
DA:105,0
DA:106,0
DA:107,0
DA:108,0
DA:109,0
DA:110,0
DA:111,0
DA:112,0
DA:113,0
DA:114,0
DA:115,0
DA:116,0
DA:117,0
DA:118,0
DA:119,0
DA:120,0
DA:121,0
DA:122,0
DA:123,0
DA:124,0
DA:125,0
DA:126,0
DA:127,0
DA:128,0
DA:129,0
DA:130,0
DA:131,0
DA:132,0
DA:133,0
DA:134,0
DA:135,0
DA:136,0
DA:137,0
DA:138,2
DA:139,1
DA:140,1
DA:141,1
DA:142,1
DA:143,1
DA:144,1
DA:145,1
DA:146,1
DA:147,1
LH:82
LF:147
end_of_record
SF:C:\Projects\Schuel\M450\othello-game_M450\othello_files\quadratic_equation.ts
FN:1,solve
FNDA:3,solve
FNF:1
FNH:1
BRDA:3,1,0,1
BRDA:5,1,1,2
BRDA:5,1,2,1
BRF:3
BRH:3
DA:1,1
DA:2,4
DA:3,4
DA:4,20
DA:5,4
DA:6,21
DA:7,7
DA:8,7
DA:9,7
DA:10,4
LH:10
LF:10
end_of_record
