SF:C:\Projects\Schuel\M450\othello-game_M450\othello_files\board.js
FN:26,Board
FN:41,of
FN:61,validMoves
FN:99,play
FN:150,result
FN:175,copy
FN:187,adjacentOf
FN:213,fieldsWithState
FN:225,opponent
FNDA:1,Board
FNDA:0,of
FNDA:0,validMoves
FNDA:0,play
FNDA:8,result
FNDA:0,copy
FNDA:0,adjacentOf
FNDA:24,fieldsWithState
FNDA:0,opponent
FNF:9
FNH:3
BRDA:28,1,0,8
BRDA:30,1,1,64
BRDA:157,6,0,0
BRDA:215,9,0,192
BRDA:216,9,1,1536
BRDA:217,9,2,512
BRF:6
BRH:5
DA:1,1
DA:2,1
DA:3,1
DA:4,1
DA:5,1
DA:6,1
DA:7,1
DA:8,1
DA:9,1
DA:10,1
DA:11,1
DA:12,1
DA:13,1
DA:14,1
DA:15,1
DA:16,1
DA:17,1
DA:18,1
DA:19,1
DA:20,1
DA:21,1
DA:22,1
DA:23,1
DA:24,1
DA:25,1
DA:26,1
DA:27,2
DA:28,2
DA:29,10
DA:30,10
DA:31,74
DA:32,74
DA:33,10
DA:34,10
DA:35,2
DA:36,6
DA:37,2
DA:38,2
DA:39,2
DA:40,1
DA:41,0
DA:42,0
DA:43,0
DA:44,0
DA:45,0
DA:46,0
DA:47,0
DA:48,0
DA:49,0
DA:50,0
DA:51,0
DA:52,0
DA:53,0
DA:54,0
DA:55,0
DA:56,0
DA:57,0
DA:58,0
DA:59,0
DA:60,1
DA:61,0
DA:62,0
DA:63,0
DA:64,0
DA:65,0
DA:66,0
DA:67,0
DA:68,0
DA:69,0
DA:70,0
DA:71,0
DA:72,0
DA:73,0
DA:74,0
DA:75,0
DA:76,0
DA:77,0
DA:78,0
DA:79,0
DA:80,0
DA:81,0
DA:82,0
DA:83,0
DA:84,0
DA:85,0
DA:86,0
DA:87,0
DA:88,0
DA:89,0
DA:90,0
DA:91,0
DA:92,0
DA:93,0
DA:94,0
DA:95,0
DA:96,0
DA:97,0
DA:98,1
DA:99,0
DA:100,0
DA:101,0
DA:102,0
DA:103,0
DA:104,0
DA:105,0
DA:106,0
DA:107,0
DA:108,0
DA:109,0
DA:110,0
DA:111,0
DA:112,0
DA:113,0
DA:114,0
DA:115,0
DA:116,0
DA:117,0
DA:118,0
DA:119,0
DA:120,0
DA:121,0
DA:122,0
DA:123,0
DA:124,0
DA:125,0
DA:126,0
DA:127,0
DA:128,0
DA:129,0
DA:130,0
DA:131,0
DA:132,0
DA:133,0
DA:134,0
DA:135,0
DA:136,0
DA:137,0
DA:138,0
DA:139,0
DA:140,0
DA:141,0
DA:142,0
DA:143,0
DA:144,0
DA:145,0
DA:146,0
DA:147,0
DA:148,0
DA:149,1
DA:150,1
DA:151,9
DA:152,9
DA:153,9
DA:154,9
DA:155,9
DA:156,9
DA:157,0
DA:158,0
DA:159,0
DA:160,0
DA:161,0
DA:162,0
DA:163,0
DA:164,0
DA:165,0
DA:166,9
DA:167,9
DA:168,9
DA:169,9
DA:170,9
DA:171,9
DA:172,9
DA:173,9
DA:174,1
DA:175,0
DA:176,0
DA:177,0
DA:178,0
DA:179,0
DA:180,0
DA:181,0
DA:182,0
DA:183,0
DA:184,0
DA:185,0
DA:186,1
DA:187,0
DA:188,0
DA:189,0
DA:190,0
DA:191,0
DA:192,0
DA:193,0
DA:194,0
DA:195,0
DA:196,0
DA:197,0
DA:198,0
DA:199,0
DA:200,0
DA:201,0
DA:202,0
DA:203,0
DA:204,0
DA:205,0
DA:206,0
DA:207,0
DA:208,0
DA:209,0
DA:210,0
DA:211,0
DA:212,1
DA:213,1
DA:214,25
DA:215,25
DA:216,217
DA:217,1753
DA:218,2265
DA:219,2265
DA:220,1753
DA:221,217
DA:222,25
DA:223,25
DA:224,1
DA:225,0
DA:226,0
DA:227,0
DA:228,0
DA:229,0
DA:230,0
DA:231,0
DA:232,0
DA:233,1
DA:234,1
LH:75
LF:234
end_of_record
SF:C:\Projects\Schuel\M450\othello-game_M450\othello_files\fibonacci.js
FN:1,fibonacci
FNDA:2,fibonacci
FNF:1
FNH:1
BRDA:4,1,0,1
BRDA:7,1,1,0
BRF:2
BRH:1
DA:1,1
DA:2,3
DA:3,3
DA:4,3
DA:5,3
DA:6,3
DA:7,0
DA:8,0
DA:9,3
DA:10,3
DA:11,3
LH:9
LF:11
end_of_record
SF:C:\Projects\Schuel\M450\othello-game_M450\othello_files\game.js
FN:8,deleteChildren
FN:14,fieldId
FN:18,randomElement
FN:27,opponentMove
FN:31,randomMove
FN:40,render
FN:84,selectField
FNDA:2,deleteChildren
FNDA:65,fieldId
FNDA:5,randomElement
FNDA:1,opponentMove
FNDA:3,randomMove
FNDA:1,render
FNDA:0,selectField
FNF:7
FNH:6
BRDA:19,3,0,1
BRDA:21,3,1,4
BRDA:33,5,0,1
BRDA:35,5,1,2
BRDA:43,6,0,8
BRDA:44,6,1,64
BRDA:49,6,2,8
BRDA:53,6,3,60
BRDA:56,6,4,4
BRDA:56,6,5,2
BRDA:69,6,6,0
BRF:11
BRH:10
DA:1,1
DA:2,1
DA:3,1
DA:4,1
DA:5,1
DA:6,1
DA:7,1
DA:8,3
DA:9,3
DA:10,3
DA:11,3
DA:12,3
DA:13,1
DA:14,66
DA:15,66
DA:16,66
DA:17,1
DA:18,6
DA:19,6
DA:20,7
DA:21,7
DA:22,10
DA:23,10
DA:24,6
DA:25,1
DA:26,1
DA:27,2
DA:28,2
DA:29,2
DA:30,1
DA:31,4
DA:32,4
DA:33,4
DA:34,5
DA:35,5
DA:36,6
DA:37,6
DA:38,4
DA:39,1
DA:40,2
DA:41,2
DA:42,2
DA:43,2
DA:44,10
DA:45,74
DA:46,74
DA:47,74
DA:48,74
DA:49,74
DA:50,82
DA:51,82
DA:52,74
DA:53,74
DA:54,134
DA:55,134
DA:56,74
DA:57,80
DA:58,80
DA:59,80
DA:60,80
DA:61,74
DA:62,74
DA:63,10
DA:64,10
DA:65,10
DA:66,10
DA:67,10
DA:68,10
DA:69,0
DA:70,0
DA:71,0
DA:72,0
DA:73,0
DA:74,0
DA:75,0
DA:76,0
DA:77,0
DA:78,0
DA:79,0
DA:80,10
DA:81,10
DA:82,10
DA:83,1
DA:84,0
DA:85,0
DA:86,0
DA:87,0
DA:88,0
DA:89,0
DA:90,0
DA:91,0
DA:92,0
DA:93,0
DA:94,0
DA:95,0
DA:96,0
DA:97,0
DA:98,0
DA:99,0
DA:100,0
DA:101,0
DA:102,0
DA:103,0
DA:104,0
DA:105,0
DA:106,0
DA:107,0
DA:108,0
DA:109,0
DA:110,0
DA:111,0
DA:112,0
DA:113,0
DA:114,0
DA:115,0
DA:116,0
DA:117,0
DA:118,0
DA:119,0
DA:120,0
DA:121,0
DA:122,0
DA:123,0
DA:124,0
DA:125,0
DA:126,0
DA:127,0
DA:128,0
DA:129,0
DA:130,0
DA:131,0
DA:132,0
DA:133,0
DA:134,0
DA:135,0
DA:136,0
DA:137,0
DA:138,2
DA:139,1
DA:140,1
DA:141,1
DA:142,1
DA:143,1
DA:144,1
DA:145,1
DA:146,1
DA:147,1
LH:82
LF:147
end_of_record
SF:C:\Projects\Schuel\M450\othello-game_M450\othello_files\quadratic_equation.ts
FN:1,solve
FNDA:3,solve
FNF:1
FNH:1
BRDA:3,1,0,1
BRDA:5,1,1,2
BRDA:5,1,2,1
BRF:3
BRH:3
DA:1,1
DA:2,4
DA:3,4
DA:4,20
DA:5,4
DA:6,21
DA:7,7
DA:8,7
DA:9,7
DA:10,4
LH:10
LF:10
end_of_record
